<?xml version="1.0" encoding="UTF-8"?>
<!-- Generated by org.testng.reporters.JUnitReportReporter -->
<testsuite hostname="DESKTOP-PA5GVIV" failures="0" tests="2" name="com.mytestngday22.AutomationScript3" time="23.068" errors="0" timestamp="2022-12-11T20:49:36 PST" skipped="0">
  <testcase classname="com.mytestngday22.AutomationScript3" name="JavaTestParallelMethod2" time="11.757"/>
  <system-out/>
  <testcase classname="com.mytestngday22.AutomationScript3" name="JavaTestParallelMethod1" time="11.311"/>
  <system-out/>
</testsuite> <!-- com.mytestngday22.AutomationScript3 -->
