<?xml version="1.0" encoding="UTF-8"?>
<!-- Generated by org.testng.reporters.JUnitReportReporter -->
<testsuite hostname="DESKTOP-PA5GVIV" failures="0" tests="1" name="salesforce" time="51.174" errors="0" timestamp="2023-01-08T18:19:16 PST" skipped="0">
  <testcase classname="salesforce" name="TC34" time="51.174"/>
  <system-out/>
</testsuite> <!-- salesforce -->
