<?xml version="1.0" encoding="UTF-8"?>
<!-- Generated by org.testng.reporters.JUnitReportReporter -->
<testsuite hostname="DESKTOP-PA5GVIV" failures="0" tests="2" name="tests.RestAPISession" time="10.568" errors="0" timestamp="2023-01-16T16:21:15 PST" skipped="0">
  <testcase classname="tests.RestAPISession" name="addData" time="2.541"/>
  <system-out/>
  <testcase classname="tests.RestAPISession" name="login" time="8.027"/>
  <system-out/>
</testsuite> <!-- tests.RestAPISession -->
